
**** Build of configuration Debug for project i2c_lcd_1 ****

"C:\\ti\\ccsv5\\utils\\bin\\gmake" -k all 
'Building target: i2c_lcd_1.out'
'Invoking: MSP430 Linker'
"C:/ti/ccsv5/tools/compiler/msp430_4.1.2/bin/cl430" -vmsp --abi=eabi -g --advice:power=all --define=__MSP430G2553__ --diag_warning=225 --display_error_number --diag_wrap=off --printf_support=minimal -z --stack_size=80 -m"i2c_lcd_1.map" --heap_size=80 -i"C:/ti/ccsv5/ccs_base/msp430/include" -i"C:/ti/ccsv5/tools/compiler/msp430_4.1.2/lib" -i"C:/ti/ccsv5/tools/compiler/msp430_4.1.2/include" --reread_libs --warn_sections --display_error_number --diag_wrap=off --rom_model -o "i2c_lcd_1.out"  "./uart.obj" "./shell.obj" "./parse.obj" "./main.obj" "./i2c.obj" "./console.obj" -l"libc.a" "../lnk_msp430g2553.cmd" 
<Linking>
remark #10372-D: (ULP 4.1) Detected uninitialized Port 2 in this project. Recommend initializing all unused ports to eliminate wasted current consumption on unused pins.
"../lnk_msp430g2553.cmd", line 80: warning #10374-D: Interrupt vector "PORT2" does not have an interrupt handler routine.

>> Compilation failure
"../lnk_msp430g2553.cmd", line 82: warning #10374-D: Interrupt vector "ADC10" does not have an interrupt handler routine.
"../lnk_msp430g2553.cmd", line 83: warning #10374-D: Interrupt vector "USCIAB0TX" does not have an interrupt handler routine.
"../lnk_msp430g2553.cmd", line 84: warning #10374-D: Interrupt vector "USCIAB0RX" does not have an interrupt handler routine.
"../lnk_msp430g2553.cmd", line 85: warning #10374-D: Interrupt vector "TIMER0_A1" does not have an interrupt handler routine.
"../lnk_msp430g2553.cmd", line 87: warning #10374-D: Interrupt vector "WDT" does not have an interrupt handler routine.
"../lnk_msp430g2553.cmd", line 88: warning #10374-D: Interrupt vector "COMPARATORA" does not have an interrupt handler routine.
"../lnk_msp430g2553.cmd", line 89: warning #10374-D: Interrupt vector "TIMER1_A1" does not have an interrupt handler routine.
"../lnk_msp430g2553.cmd", line 90: warning #10374-D: Interrupt vector "TIMER1_A0" does not have an interrupt handler routine.
"../lnk_msp430g2553.cmd", line 91: warning #10374-D: Interrupt vector "NMI" does not have an interrupt handler routine.

 undefined first referenced
  symbol       in file     
 --------- ----------------
 TACCR0    ./uart.obj      
 TACCTL0   ./uart.obj      
 TACTL     ./uart.obj      
 TAR       ./uart.obj      
 USICKCTL  ./i2c.obj       
 USICNT    ./i2c.obj       
 USICTL0   ./i2c.obj       
 USICTL1   ./i2c.obj       
 USISRL    ./i2c.obj       

error #10234-D: unresolved symbols remain
error #10010: errors encountered during linking; "i2c_lcd_1.out" not built
gmake: *** [i2c_lcd_1.out] Error 1
gmake: Target `all' not remade because of errors.

**** Build Finished ****
